<?xml version="1.0" encoding="UTF-8"?>
<testsuite name="com.example.highfive.HighFiveApplicationTests" tests="1" skipped="0" failures="0" errors="0" timestamp="2022-07-10T02:06:12" hostname="godongcheon-ui-MacBookPro.local" time="0.157">
  <properties/>
  <testcase name="contextLoads()" classname="com.example.highfive.HighFiveApplicationTests" time="0.157"/>
  <system-out><![CDATA[11:06:08.745 [Test worker] DEBUG org.springframework.test.context.BootstrapUtils - Instantiating CacheAwareContextLoaderDelegate from class [org.springframework.test.context.cache.DefaultCacheAwareContextLoaderDelegate]
11:06:08.753 [Test worker] DEBUG org.springframework.test.context.BootstrapUtils - Instantiating BootstrapContext using constructor [public org.springframework.test.context.support.DefaultBootstrapContext(java.lang.Class,org.springframework.test.context.CacheAwareContextLoaderDelegate)]
11:06:08.785 [Test worker] DEBUG org.springframework.test.context.BootstrapUtils - Instantiating TestContextBootstrapper for test class [com.example.highfive.HighFiveApplicationTests] from class [org.springframework.boot.test.context.SpringBootTestContextBootstrapper]
11:06:08.797 [Test worker] INFO org.springframework.boot.test.context.SpringBootTestContextBootstrapper - Neither @ContextConfiguration nor @ContextHierarchy found for test class [com.example.highfive.HighFiveApplicationTests], using SpringBootContextLoader
11:06:08.800 [Test worker] DEBUG org.springframework.test.context.support.AbstractContextLoader - Did not detect default resource location for test class [com.example.highfive.HighFiveApplicationTests]: class path resource [com/example/highfive/HighFiveApplicationTests-context.xml] does not exist
11:06:08.801 [Test worker] DEBUG org.springframework.test.context.support.AbstractContextLoader - Did not detect default resource location for test class [com.example.highfive.HighFiveApplicationTests]: class path resource [com/example/highfive/HighFiveApplicationTestsContext.groovy] does not exist
11:06:08.801 [Test worker] INFO org.springframework.test.context.support.AbstractContextLoader - Could not detect default resource locations for test class [com.example.highfive.HighFiveApplicationTests]: no resource found for suffixes {-context.xml, Context.groovy}.
11:06:08.802 [Test worker] INFO org.springframework.test.context.support.AnnotationConfigContextLoaderUtils - Could not detect default configuration classes for test class [com.example.highfive.HighFiveApplicationTests]: HighFiveApplicationTests does not declare any static, non-private, non-final, nested classes annotated with @Configuration.
11:06:08.854 [Test worker] DEBUG org.springframework.test.context.support.ActiveProfilesUtils - Could not find an 'annotation declaring class' for annotation type [org.springframework.test.context.ActiveProfiles] and class [com.example.highfive.HighFiveApplicationTests]
11:06:08.903 [Test worker] DEBUG org.springframework.context.annotation.ClassPathScanningCandidateComponentProvider - Identified candidate component class: file [/Users/kodongcheon/Desktop/high-five-BE/build/classes/java/main/com/example/highfive/HighFiveApplication.class]
11:06:08.904 [Test worker] INFO org.springframework.boot.test.context.SpringBootTestContextBootstrapper - Found @SpringBootConfiguration com.example.highfive.HighFiveApplication for test class com.example.highfive.HighFiveApplicationTests
11:06:08.986 [Test worker] DEBUG org.springframework.boot.test.context.SpringBootTestContextBootstrapper - @TestExecutionListeners is not present for class [com.example.highfive.HighFiveApplicationTests]: using defaults.
11:06:08.987 [Test worker] INFO org.springframework.boot.test.context.SpringBootTestContextBootstrapper - Loaded default TestExecutionListener class names from location [META-INF/spring.factories]: [org.springframework.security.test.context.support.WithSecurityContextTestExecutionListener, org.springframework.security.test.context.support.ReactorContextTestExecutionListener, org.springframework.boot.test.autoconfigure.restdocs.RestDocsTestExecutionListener, org.springframework.boot.test.autoconfigure.web.client.MockRestServiceServerResetTestExecutionListener, org.springframework.boot.test.autoconfigure.web.servlet.MockMvcPrintOnlyOnFailureTestExecutionListener, org.springframework.boot.test.autoconfigure.web.servlet.WebDriverTestExecutionListener, org.springframework.boot.test.autoconfigure.webservices.client.MockWebServiceServerTestExecutionListener, org.springframework.boot.test.mock.mockito.MockitoTestExecutionListener, org.springframework.boot.test.mock.mockito.ResetMocksTestExecutionListener, org.springframework.test.context.web.ServletTestExecutionListener, org.springframework.test.context.support.DirtiesContextBeforeModesTestExecutionListener, org.springframework.test.context.event.ApplicationEventsTestExecutionListener, org.springframework.test.context.support.DependencyInjectionTestExecutionListener, org.springframework.test.context.support.DirtiesContextTestExecutionListener, org.springframework.test.context.transaction.TransactionalTestExecutionListener, org.springframework.test.context.jdbc.SqlScriptsTestExecutionListener, org.springframework.test.context.event.EventPublishingTestExecutionListener]
11:06:09.006 [Test worker] INFO org.springframework.boot.test.context.SpringBootTestContextBootstrapper - Using TestExecutionListeners: [org.springframework.test.context.web.ServletTestExecutionListener@666b83a4, org.springframework.test.context.support.DirtiesContextBeforeModesTestExecutionListener@749c877b, org.springframework.test.context.event.ApplicationEventsTestExecutionListener@efde75f, org.springframework.boot.test.mock.mockito.MockitoTestExecutionListener@16ecee1, org.springframework.boot.test.autoconfigure.SpringBootDependencyInjectionTestExecutionListener@3b220bcb, org.springframework.test.context.support.DirtiesContextTestExecutionListener@2b95e48b, org.springframework.test.context.transaction.TransactionalTestExecutionListener@4a3329b9, org.springframework.test.context.jdbc.SqlScriptsTestExecutionListener@3dddefd8, org.springframework.security.test.context.support.WithSecurityContextTestExecutionListener@160ac7fb, org.springframework.test.context.event.EventPublishingTestExecutionListener@12bfd80d, org.springframework.security.test.context.support.ReactorContextTestExecutionListener@41925502, org.springframework.boot.test.autoconfigure.restdocs.RestDocsTestExecutionListener@13e3c1c7, org.springframework.boot.test.autoconfigure.web.client.MockRestServiceServerResetTestExecutionListener@5316e95f, org.springframework.boot.test.autoconfigure.web.servlet.MockMvcPrintOnlyOnFailureTestExecutionListener@3f053c80, org.springframework.boot.test.autoconfigure.web.servlet.WebDriverTestExecutionListener@6c6c5427, org.springframework.boot.test.autoconfigure.webservices.client.MockWebServiceServerTestExecutionListener@618c5d94, org.springframework.boot.test.mock.mockito.ResetMocksTestExecutionListener@5b40ceb]
11:06:09.009 [Test worker] DEBUG org.springframework.test.context.support.AbstractDirtiesContextTestExecutionListener - Before test class: context [DefaultTestContext@45cff11c testClass = HighFiveApplicationTests, testInstance = [null], testMethod = [null], testException = [null], mergedContextConfiguration = [WebMergedContextConfiguration@207ea13 testClass = HighFiveApplicationTests, locations = '{}', classes = '{class com.example.highfive.HighFiveApplication}', contextInitializerClasses = '[]', activeProfiles = '{}', propertySourceLocations = '{}', propertySourceProperties = '{org.springframework.boot.test.context.SpringBootTestContextBootstrapper=true}', contextCustomizers = set[org.springframework.boot.test.autoconfigure.actuate.metrics.MetricsExportContextCustomizerFactory$DisableMetricExportContextCustomizer@3688eb5b, org.springframework.boot.test.autoconfigure.properties.PropertyMappingContextCustomizer@0, org.springframework.boot.test.autoconfigure.web.servlet.WebDriverContextCustomizerFactory$Customizer@be68757, org.springframework.boot.test.context.filter.ExcludeFilterContextCustomizer@1f53a5dc, org.springframework.boot.test.json.DuplicateJsonObjectContextCustomizerFactory$DuplicateJsonObjectContextCustomizer@c7ba306, org.springframework.boot.test.mock.mockito.MockitoContextCustomizer@0, org.springframework.boot.test.web.client.TestRestTemplateContextCustomizer@21ba0741, org.springframework.boot.test.context.SpringBootTestArgs@1, org.springframework.boot.test.context.SpringBootTestWebEnvironment@1757cd72], resourceBasePath = 'src/main/webapp', contextLoader = 'org.springframework.boot.test.context.SpringBootContextLoader', parent = [null]], attributes = map['org.springframework.test.context.web.ServletTestExecutionListener.activateListener' -> true]], class annotated with @DirtiesContext [false] with mode [null].

  .   ____          _            __ _ _
 /\\ / ___'_ __ _ _(_)_ __  __ _ \ \ \ \
( ( )\___ | '_ | '_| | '_ \/ _` | \ \ \ \
 \\/  ___)| |_)| | | | | || (_| |  ) ) ) )
  '  |____| .__|_| |_|_| |_\__, | / / / /
 =========|_|==============|___/=/_/_/_/
 :: Spring Boot ::                (v2.7.1)

2022-07-10 11:06:09.307  WARN 43414 --- [    Test worker] ory$DuplicateJsonObjectContextCustomizer : 

Found multiple occurrences of org.json.JSONObject on the class path:

	jar:file:/Users/kodongcheon/.gradle/caches/modules-2/files-2.1/org.json/json/20090211/c183aa3a2a6250293808bba12262c8920ce5a51c/json-20090211.jar!/org/json/JSONObject.class
	jar:file:/Users/kodongcheon/.gradle/caches/modules-2/files-2.1/com.vaadin.external.google/android-json/0.0.20131108.vaadin1/fa26d351fe62a6a17f5cda1287c1c6110dec413f/android-json-0.0.20131108.vaadin1.jar!/org/json/JSONObject.class

You may wish to exclude one of them to ensure predictable runtime behavior

2022-07-10 11:06:09.318  INFO 43414 --- [    Test worker] c.e.highfive.HighFiveApplicationTests    : Starting HighFiveApplicationTests using Java 16.0.1 on godongcheon-ui-MacBookPro.local with PID 43414 (started by kodongcheon in /Users/kodongcheon/Desktop/high-five-BE)
2022-07-10 11:06:09.319  INFO 43414 --- [    Test worker] c.e.highfive.HighFiveApplicationTests    : The following 1 profile is active: "local"
2022-07-10 11:06:09.932  INFO 43414 --- [    Test worker] .s.d.r.c.RepositoryConfigurationDelegate : Bootstrapping Spring Data JPA repositories in DEFAULT mode.
2022-07-10 11:06:09.947  INFO 43414 --- [    Test worker] .s.d.r.c.RepositoryConfigurationDelegate : Finished Spring Data repository scanning in 7 ms. Found 0 JPA repository interfaces.
2022-07-10 11:06:10.447  INFO 43414 --- [    Test worker] o.hibernate.jpa.internal.util.LogHelper  : HHH000204: Processing PersistenceUnitInfo [name: default]
2022-07-10 11:06:10.487  INFO 43414 --- [    Test worker] org.hibernate.Version                    : HHH000412: Hibernate ORM core version 5.6.9.Final
2022-07-10 11:06:10.617  INFO 43414 --- [    Test worker] o.hibernate.annotations.common.Version   : HCANN000001: Hibernate Commons Annotations {5.1.2.Final}
2022-07-10 11:06:10.696  INFO 43414 --- [    Test worker] com.zaxxer.hikari.HikariDataSource       : HikariPool-1 - Starting...
2022-07-10 11:06:11.334  INFO 43414 --- [    Test worker] com.zaxxer.hikari.HikariDataSource       : HikariPool-1 - Start completed.
2022-07-10 11:06:11.358  INFO 43414 --- [    Test worker] org.hibernate.dialect.Dialect            : HHH000400: Using dialect: org.hibernate.dialect.MySQL8Dialect
2022-07-10 11:06:11.870  INFO 43414 --- [    Test worker] o.h.e.t.j.p.i.JtaPlatformInitiator       : HHH000490: Using JtaPlatform implementation: [org.hibernate.engine.transaction.jta.platform.internal.NoJtaPlatform]
2022-07-10 11:06:11.877  INFO 43414 --- [    Test worker] j.LocalContainerEntityManagerFactoryBean : Initialized JPA EntityManagerFactory for persistence unit 'default'
2022-07-10 11:06:12.107  WARN 43414 --- [    Test worker] JpaBaseConfiguration$JpaWebConfiguration : spring.jpa.open-in-view is enabled by default. Therefore, database queries may be performed during view rendering. Explicitly configure spring.jpa.open-in-view to disable this warning
2022-07-10 11:06:12.763  INFO 43414 --- [    Test worker] o.s.s.web.DefaultSecurityFilterChain     : Will secure any request with [org.springframework.security.web.session.DisableEncodeUrlFilter@1d982fbe, org.springframework.security.web.context.request.async.WebAsyncManagerIntegrationFilter@3adb4cc8, org.springframework.security.web.context.SecurityContextPersistenceFilter@5c945ee7, org.springframework.security.web.header.HeaderWriterFilter@1185b0b7, org.springframework.security.web.csrf.CsrfFilter@2b5a04b0, org.springframework.security.web.authentication.logout.LogoutFilter@4c25201, org.springframework.security.oauth2.client.web.OAuth2AuthorizationRequestRedirectFilter@3dabdd11, org.springframework.security.oauth2.client.web.OAuth2AuthorizationRequestRedirectFilter@2e3b4394, org.springframework.security.oauth2.client.web.OAuth2LoginAuthenticationFilter@20b921be, org.springframework.security.web.authentication.ui.DefaultLoginPageGeneratingFilter@2dfab167, org.springframework.security.web.authentication.ui.DefaultLogoutPageGeneratingFilter@779136bf, org.springframework.security.web.savedrequest.RequestCacheAwareFilter@404566e7, org.springframework.security.web.servletapi.SecurityContextHolderAwareRequestFilter@3ed87b6e, org.springframework.security.web.authentication.AnonymousAuthenticationFilter@f9ac719, org.springframework.security.oauth2.client.web.OAuth2AuthorizationCodeGrantFilter@67d55a46, org.springframework.security.web.session.SessionManagementFilter@15f229e8, org.springframework.security.web.access.ExceptionTranslationFilter@54fffa5a, org.springframework.security.web.access.intercept.FilterSecurityInterceptor@46573cfe]
2022-07-10 11:06:12.840  INFO 43414 --- [    Test worker] c.e.highfive.HighFiveApplicationTests    : Started HighFiveApplicationTests in 3.8 seconds (JVM running for 4.927)
]]></system-out>
  <system-err><![CDATA[]]></system-err>
</testsuite>
